Traceback (most recent call last):
  File "/usr/local/python/3.12.1/lib/python3.12/site-packages/jupyter_cache/executors/utils.py", line 58, in single_nb_execution
    executenb(
  File "/usr/local/python/3.12.1/lib/python3.12/site-packages/nbclient/client.py", line 1305, in execute
    return NotebookClient(nb=nb, resources=resources, km=km, **kwargs).execute()
           ^^^^^^^^^^^^^^^^^^^^^^^^^^^^^^^^^^^^^^^^^^^^^^^^^^^^^^^^^^^^^^^^^^^^^
  File "/home/codespace/.local/lib/python3.12/site-packages/jupyter_core/utils/__init__.py", line 165, in wrapped
    return loop.run_until_complete(inner)
           ^^^^^^^^^^^^^^^^^^^^^^^^^^^^^^
  File "/usr/local/python/3.12.1/lib/python3.12/asyncio/base_events.py", line 684, in run_until_complete
    return future.result()
           ^^^^^^^^^^^^^^^
  File "/usr/local/python/3.12.1/lib/python3.12/site-packages/nbclient/client.py", line 705, in async_execute
    await self.async_execute_cell(
  File "/usr/local/python/3.12.1/lib/python3.12/site-packages/nbclient/client.py", line 1058, in async_execute_cell
    await self._check_raise_for_error(cell, cell_index, exec_reply)
  File "/usr/local/python/3.12.1/lib/python3.12/site-packages/nbclient/client.py", line 914, in _check_raise_for_error
    raise CellExecutionError.from_cell_and_msg(cell, exec_reply_content)
nbclient.exceptions.CellExecutionError: An error occurred while executing the following cell:
------------------
import numpy as np

# 1. Representasi dataset observasi berdasarkan nilai koordinat (A - G)
x_data = [2, 4, 5, 3, 3, 4, 5]
y_data = [2, 3, 5, 4, 3, 5, 6]

# 2. Pembentukan matriks model (Design Matrix)
# Inisialisasi parameter bernilai '1' direkatkan ke dalam komponen matriks agar mengakomodir keberadaan 'Intercept'
X = np.array([[1, x] for x in x_data])
Y = np.array(y_data).reshape(-1, 1)  # Di-reshape menjadi format vektor kolom berdimensi dua tunggal

print("Matriks Fitur (X):\n", X)
print("\nVektor Respons (Y):\n", Y)

# 3. Implementasi Persamaan Kuadrat Terkecil (OLS Matrix Formulation): Beta_hat = Inverse(X_transpose * X) * X_transpose * Y
# [Tahap A] Identifikasi Transpos dari Matriks X
X_T = X.T

# [Tahap B] Proses perkalian dot/skalar Matriks X_T terhadap X
X_T_X = X_T.dot(X)

# [Tahap C] Menemukan Nilai Inversi dari matriks hasil perkalian (X_T_X)
X_T_X_inv = np.linalg.inv(X_T_X)

# [Tahap D] Perkalian hasil Invers terhadap elemen X_T
Tahap_D = X_T_X_inv.dot(X_T)

# [Tahap Evaluasi Akhir] Substitusi silang terhadap vektor komparatif Y dalam rangka menyelesaikan matriks koefisien (Beta Hat)
beta_hat = Tahap_D.dot(Y)

# Menampung titik keluaran beta0 & beta1
intercept_manual = beta_hat[0][0]
slope_manual = beta_hat[1][0]

print(f"\n-- HASIL EVALUASI ANALITIK MATRIKS --")
print(f"Intersep (Konstanta Data)   : {intercept_manual:.4f}")
print(f"Slope (Kemiringan Gradien) : {slope_manual:.4f}")
print(f"\n>> Pemodelan Regresi OLS: y = {intercept_manual:.4f} + {slope_manual:.4f}x")
------------------


[31m---------------------------------------------------------------------------[39m
[31mModuleNotFoundError[39m                       Traceback (most recent call last)
[36mCell[39m[36m [39m[32mIn[1][39m[32m, line 1[39m
[32m----> [39m[32m1[39m [38;5;28;01mimport[39;00m[38;5;250m [39m[34;01mnumpy[39;00m[38;5;250m [39m[38;5;28;01mas[39;00m[38;5;250m [39m[34;01mnp[39;00m
[32m      3[39m [38;5;66;03m# 1. Representasi dataset observasi berdasarkan nilai koordinat (A - G)[39;00m
[32m      4[39m x_data = [[32m2[39m, [32m4[39m, [32m5[39m, [32m3[39m, [32m3[39m, [32m4[39m, [32m5[39m]

[31mModuleNotFoundError[39m: No module named 'numpy'

