Traceback (most recent call last):
  File "/usr/local/python/3.12.1/lib/python3.12/site-packages/jupyter_cache/executors/utils.py", line 58, in single_nb_execution
    executenb(
  File "/home/codespace/.local/lib/python3.12/site-packages/nbclient/client.py", line 1319, in execute
    return NotebookClient(nb=nb, resources=resources, km=km, **kwargs).execute()
           ^^^^^^^^^^^^^^^^^^^^^^^^^^^^^^^^^^^^^^^^^^^^^^^^^^^^^^^^^^^^^^^^^^^^^
  File "/home/codespace/.local/lib/python3.12/site-packages/jupyter_core/utils/__init__.py", line 165, in wrapped
    return loop.run_until_complete(inner)
           ^^^^^^^^^^^^^^^^^^^^^^^^^^^^^^
  File "/usr/local/python/3.12.1/lib/python3.12/asyncio/base_events.py", line 684, in run_until_complete
    return future.result()
           ^^^^^^^^^^^^^^^
  File "/home/codespace/.local/lib/python3.12/site-packages/nbclient/client.py", line 709, in async_execute
    await self.async_execute_cell(
  File "/home/codespace/.local/lib/python3.12/site-packages/nbclient/client.py", line 1062, in async_execute_cell
    await self._check_raise_for_error(cell, cell_index, exec_reply)
  File "/home/codespace/.local/lib/python3.12/site-packages/nbclient/client.py", line 918, in _check_raise_for_error
    raise CellExecutionError.from_cell_and_msg(cell, exec_reply_content)
nbclient.exceptions.CellExecutionError: An error occurred while executing the following cell:
------------------

numeric_cols = ["age", "income", "loan_amount"]

ranges = df[numeric_cols].max() - df[numeric_cols].min()

numeric_distance = 0

for col in numeric_cols:
    diff = abs(data1[col] - data2[col])
    norm = diff / ranges[col]
    print(f"{col} -> |{data1[col]} - {data2[col]}| / {ranges[col]} = {norm}")
    numeric_distance += norm

numeric_distance

------------------


[31m---------------------------------------------------------------------------[39m
[31mNameError[39m                                 Traceback (most recent call last)
[36mCell[39m[36m [39m[32mIn[22][39m[32m, line 8[39m
[32m      5[39m numeric_distance = [32m0[39m
[32m      7[39m [38;5;28;01mfor[39;00m col [38;5;129;01min[39;00m numeric_cols:
[32m----> [39m[32m8[39m     diff = [38;5;28mabs[39m([43mdata1[49m[col] - data2[col])
[32m      9[39m     norm = diff / ranges[col]
[32m     10[39m     [38;5;28mprint[39m([33mf[39m[33m"[39m[38;5;132;01m{[39;00mcol[38;5;132;01m}[39;00m[33m -> |[39m[38;5;132;01m{[39;00mdata1[col][38;5;132;01m}[39;00m[33m - [39m[38;5;132;01m{[39;00mdata2[col][38;5;132;01m}[39;00m[33m| / [39m[38;5;132;01m{[39;00mranges[col][38;5;132;01m}[39;00m[33m = [39m[38;5;132;01m{[39;00mnorm[38;5;132;01m}[39;00m[33m"[39m)

[31mNameError[39m: name 'data1' is not defined

