Traceback (most recent call last):
  File "/usr/local/python/3.12.1/lib/python3.12/site-packages/jupyter_cache/executors/utils.py", line 58, in single_nb_execution
    executenb(
  File "/usr/local/python/3.12.1/lib/python3.12/site-packages/nbclient/client.py", line 1305, in execute
    return NotebookClient(nb=nb, resources=resources, km=km, **kwargs).execute()
           ^^^^^^^^^^^^^^^^^^^^^^^^^^^^^^^^^^^^^^^^^^^^^^^^^^^^^^^^^^^^^^^^^^^^^
  File "/home/codespace/.local/lib/python3.12/site-packages/jupyter_core/utils/__init__.py", line 165, in wrapped
    return loop.run_until_complete(inner)
           ^^^^^^^^^^^^^^^^^^^^^^^^^^^^^^
  File "/usr/local/python/3.12.1/lib/python3.12/asyncio/base_events.py", line 684, in run_until_complete
    return future.result()
           ^^^^^^^^^^^^^^^
  File "/usr/local/python/3.12.1/lib/python3.12/site-packages/nbclient/client.py", line 705, in async_execute
    await self.async_execute_cell(
  File "/usr/local/python/3.12.1/lib/python3.12/site-packages/nbclient/client.py", line 1058, in async_execute_cell
    await self._check_raise_for_error(cell, cell_index, exec_reply)
  File "/usr/local/python/3.12.1/lib/python3.12/site-packages/nbclient/client.py", line 914, in _check_raise_for_error
    raise CellExecutionError.from_cell_and_msg(cell, exec_reply_content)
nbclient.exceptions.CellExecutionError: An error occurred while executing the following cell:
------------------
import pandas as pd

data = {
    'Rumah':['R1','R2','R3','R4'],
    'Luas_Tanah':[120,200,150,90],
    'Luas_Bangunan':[90,150,110,70],
    'Jumlah_Kamar':[3,4,3,2],
    'Harga':[850,1500,1000,600]
}

df = pd.DataFrame(data)
df
------------------


[31m---------------------------------------------------------------------------[39m
[31mModuleNotFoundError[39m                       Traceback (most recent call last)
[36mCell[39m[36m [39m[32mIn[1][39m[32m, line 1[39m
[32m----> [39m[32m1[39m [38;5;28;01mimport[39;00m[38;5;250m [39m[34;01mpandas[39;00m[38;5;250m [39m[38;5;28;01mas[39;00m[38;5;250m [39m[34;01mpd[39;00m
[32m      3[39m data = {
[32m      4[39m     [33m'[39m[33mRumah[39m[33m'[39m:[[33m'[39m[33mR1[39m[33m'[39m,[33m'[39m[33mR2[39m[33m'[39m,[33m'[39m[33mR3[39m[33m'[39m,[33m'[39m[33mR4[39m[33m'[39m],
[32m      5[39m     [33m'[39m[33mLuas_Tanah[39m[33m'[39m:[[32m120[39m,[32m200[39m,[32m150[39m,[32m90[39m],
[32m   (...)[39m[32m      8[39m     [33m'[39m[33mHarga[39m[33m'[39m:[[32m850[39m,[32m1500[39m,[32m1000[39m,[32m600[39m]
[32m      9[39m }
[32m     11[39m df = pd.DataFrame(data)

[31mModuleNotFoundError[39m: No module named 'pandas'

